<?xml version="1.0" encoding="UTF-8"?>
<testng-results skipped="0" failed="1" ignored="0" total="13" passed="12">
  <reporter-output>
  </reporter-output>
  <suite name="Default suite" duration-ms="401829" started-at="2021-10-22T09:21:52Z" finished-at="2021-10-22T09:28:34Z">
    <groups>
    </groups>
    <test name="Default test" duration-ms="401829" started-at="2021-10-22T09:21:52Z" finished-at="2021-10-22T09:28:34Z">
      <class name="runner.HotelPageRunner">
        <test-method status="PASS" signature="beforeMethod()[pri:0, instance:runner.HotelPageRunner@1e16c0aa]" name="beforeMethod" is-config="true" duration-ms="6595" started-at="2021-10-22T09:21:52Z" finished-at="2021-10-22T09:21:59Z">
          <reporter-output>
          </reporter-output>
        </test-method> <!-- beforeMethod -->
        <test-method status="PASS" signature="goToLinkTest()[pri:1, instance:runner.HotelPageRunner@1e16c0aa]" name="goToLinkTest" duration-ms="3010" started-at="2021-10-22T09:21:59Z" finished-at="2021-10-22T09:22:02Z">
          <reporter-output>
          </reporter-output>
        </test-method> <!-- goToLinkTest -->
        <test-method status="PASS" signature="afterMethod()[pri:0, instance:runner.HotelPageRunner@1e16c0aa]" name="afterMethod" is-config="true" duration-ms="5182" started-at="2021-10-22T09:22:02Z" finished-at="2021-10-22T09:22:07Z">
          <reporter-output>
          </reporter-output>
        </test-method> <!-- afterMethod -->
        <test-method status="PASS" signature="beforeMethod()[pri:0, instance:runner.HotelPageRunner@1e16c0aa]" name="beforeMethod" is-config="true" duration-ms="5745" started-at="2021-10-22T09:22:07Z" finished-at="2021-10-22T09:22:13Z">
          <reporter-output>
          </reporter-output>
        </test-method> <!-- beforeMethod -->
        <test-method status="PASS" signature="searchByEmptyCity()[pri:2, instance:runner.HotelPageRunner@1e16c0aa]" name="searchByEmptyCity" duration-ms="6885" started-at="2021-10-22T09:22:13Z" finished-at="2021-10-22T09:22:19Z">
          <reporter-output>
          </reporter-output>
        </test-method> <!-- searchByEmptyCity -->
        <test-method status="PASS" signature="afterMethod()[pri:0, instance:runner.HotelPageRunner@1e16c0aa]" name="afterMethod" is-config="true" duration-ms="4766" started-at="2021-10-22T09:22:19Z" finished-at="2021-10-22T09:22:24Z">
          <reporter-output>
          </reporter-output>
        </test-method> <!-- afterMethod -->
        <test-method status="PASS" signature="beforeMethod()[pri:0, instance:runner.HotelPageRunner@1e16c0aa]" name="beforeMethod" is-config="true" duration-ms="6389" started-at="2021-10-22T09:22:24Z" finished-at="2021-10-22T09:22:31Z">
          <reporter-output>
          </reporter-output>
        </test-method> <!-- beforeMethod -->
        <test-method status="PASS" signature="searchWithAllData()[pri:3, instance:runner.HotelPageRunner@1e16c0aa]" name="searchWithAllData" duration-ms="12613" started-at="2021-10-22T09:22:31Z" finished-at="2021-10-22T09:22:43Z">
          <reporter-output>
          </reporter-output>
        </test-method> <!-- searchWithAllData -->
        <test-method status="PASS" signature="afterMethod()[pri:0, instance:runner.HotelPageRunner@1e16c0aa]" name="afterMethod" is-config="true" duration-ms="4795" started-at="2021-10-22T09:22:43Z" finished-at="2021-10-22T09:22:48Z">
          <reporter-output>
          </reporter-output>
        </test-method> <!-- afterMethod -->
        <test-method status="PASS" signature="beforeMethod()[pri:0, instance:runner.HotelPageRunner@1e16c0aa]" name="beforeMethod" is-config="true" duration-ms="6085" started-at="2021-10-22T09:22:48Z" finished-at="2021-10-22T09:22:54Z">
          <reporter-output>
          </reporter-output>
        </test-method> <!-- beforeMethod -->
        <test-method status="PASS" signature="searchWithAllnchild()[pri:4, instance:runner.HotelPageRunner@1e16c0aa]" name="searchWithAllnchild" duration-ms="16447" started-at="2021-10-22T09:22:54Z" finished-at="2021-10-22T09:23:11Z">
          <reporter-output>
          </reporter-output>
        </test-method> <!-- searchWithAllnchild -->
        <test-method status="PASS" signature="afterMethod()[pri:0, instance:runner.HotelPageRunner@1e16c0aa]" name="afterMethod" is-config="true" duration-ms="4807" started-at="2021-10-22T09:23:11Z" finished-at="2021-10-22T09:23:15Z">
          <reporter-output>
          </reporter-output>
        </test-method> <!-- afterMethod -->
        <test-method status="PASS" signature="beforeMethod()[pri:0, instance:runner.HotelPageRunner@1e16c0aa]" name="beforeMethod" is-config="true" duration-ms="6159" started-at="2021-10-22T09:23:15Z" finished-at="2021-10-22T09:23:21Z">
          <reporter-output>
          </reporter-output>
        </test-method> <!-- beforeMethod -->
        <test-method status="PASS" signature="searchWithTwoRoom()[pri:5, instance:runner.HotelPageRunner@1e16c0aa]" name="searchWithTwoRoom" duration-ms="12352" started-at="2021-10-22T09:23:21Z" finished-at="2021-10-22T09:23:34Z">
          <reporter-output>
          </reporter-output>
        </test-method> <!-- searchWithTwoRoom -->
        <test-method status="PASS" signature="afterMethod()[pri:0, instance:runner.HotelPageRunner@1e16c0aa]" name="afterMethod" is-config="true" duration-ms="4764" started-at="2021-10-22T09:23:34Z" finished-at="2021-10-22T09:23:39Z">
          <reporter-output>
          </reporter-output>
        </test-method> <!-- afterMethod -->
        <test-method status="PASS" signature="beforeMethod()[pri:0, instance:runner.HotelPageRunner@1e16c0aa]" name="beforeMethod" is-config="true" duration-ms="5805" started-at="2021-10-22T09:23:39Z" finished-at="2021-10-22T09:23:44Z">
          <reporter-output>
          </reporter-output>
        </test-method> <!-- beforeMethod -->
        <test-method status="PASS" signature="sortByPriceLH()[pri:6, instance:runner.HotelPageRunner@1e16c0aa]" name="sortByPriceLH" duration-ms="13714" started-at="2021-10-22T09:23:44Z" finished-at="2021-10-22T09:23:58Z">
          <reporter-output>
          </reporter-output>
        </test-method> <!-- sortByPriceLH -->
        <test-method status="PASS" signature="afterMethod()[pri:0, instance:runner.HotelPageRunner@1e16c0aa]" name="afterMethod" is-config="true" duration-ms="4841" started-at="2021-10-22T09:23:58Z" finished-at="2021-10-22T09:24:03Z">
          <reporter-output>
          </reporter-output>
        </test-method> <!-- afterMethod -->
        <test-method status="PASS" signature="beforeMethod()[pri:0, instance:runner.HotelPageRunner@1e16c0aa]" name="beforeMethod" is-config="true" duration-ms="6098" started-at="2021-10-22T09:24:03Z" finished-at="2021-10-22T09:24:09Z">
          <reporter-output>
          </reporter-output>
        </test-method> <!-- beforeMethod -->
        <test-method status="PASS" signature="bookRoom()[pri:7, instance:runner.HotelPageRunner@1e16c0aa]" name="bookRoom" duration-ms="25344" started-at="2021-10-22T09:24:09Z" finished-at="2021-10-22T09:24:34Z">
          <reporter-output>
          </reporter-output>
        </test-method> <!-- bookRoom -->
        <test-method status="PASS" signature="afterMethod()[pri:0, instance:runner.HotelPageRunner@1e16c0aa]" name="afterMethod" is-config="true" duration-ms="4774" started-at="2021-10-22T09:24:34Z" finished-at="2021-10-22T09:24:39Z">
          <reporter-output>
          </reporter-output>
        </test-method> <!-- afterMethod -->
        <test-method status="PASS" signature="beforeMethod()[pri:0, instance:runner.HotelPageRunner@1e16c0aa]" name="beforeMethod" is-config="true" duration-ms="6581" started-at="2021-10-22T09:24:39Z" finished-at="2021-10-22T09:24:46Z">
          <reporter-output>
          </reporter-output>
        </test-method> <!-- beforeMethod -->
        <test-method status="PASS" signature="FourStar()[pri:8, instance:runner.HotelPageRunner@1e16c0aa]" name="FourStar" duration-ms="19147" started-at="2021-10-22T09:24:46Z" finished-at="2021-10-22T09:25:05Z">
          <reporter-output>
          </reporter-output>
        </test-method> <!-- FourStar -->
        <test-method status="PASS" signature="afterMethod()[pri:0, instance:runner.HotelPageRunner@1e16c0aa]" name="afterMethod" is-config="true" duration-ms="4791" started-at="2021-10-22T09:25:05Z" finished-at="2021-10-22T09:25:10Z">
          <reporter-output>
          </reporter-output>
        </test-method> <!-- afterMethod -->
        <test-method status="PASS" signature="beforeMethod()[pri:0, instance:runner.HotelPageRunner@1e16c0aa]" name="beforeMethod" is-config="true" duration-ms="5886" started-at="2021-10-22T09:25:10Z" finished-at="2021-10-22T09:25:16Z">
          <reporter-output>
          </reporter-output>
        </test-method> <!-- beforeMethod -->
        <test-method status="PASS" signature="EnterValidGuestDetailTest()[pri:9, instance:runner.HotelPageRunner@1e16c0aa]" name="EnterValidGuestDetailTest" duration-ms="31355" started-at="2021-10-22T09:25:16Z" finished-at="2021-10-22T09:25:47Z">
          <reporter-output>
          </reporter-output>
        </test-method> <!-- EnterValidGuestDetailTest -->
        <test-method status="PASS" signature="afterMethod()[pri:0, instance:runner.HotelPageRunner@1e16c0aa]" name="afterMethod" is-config="true" duration-ms="4765" started-at="2021-10-22T09:25:47Z" finished-at="2021-10-22T09:25:52Z">
          <reporter-output>
          </reporter-output>
        </test-method> <!-- afterMethod -->
        <test-method status="PASS" signature="beforeMethod()[pri:0, instance:runner.HotelPageRunner@1e16c0aa]" name="beforeMethod" is-config="true" duration-ms="6168" started-at="2021-10-22T09:25:52Z" finished-at="2021-10-22T09:25:58Z">
          <reporter-output>
          </reporter-output>
        </test-method> <!-- beforeMethod -->
        <test-method status="PASS" signature="EnterInvalidEmailTest()[pri:10, instance:runner.HotelPageRunner@1e16c0aa]" name="EnterInvalidEmailTest" duration-ms="33824" started-at="2021-10-22T09:25:58Z" finished-at="2021-10-22T09:26:32Z">
          <reporter-output>
          </reporter-output>
        </test-method> <!-- EnterInvalidEmailTest -->
        <test-method status="PASS" signature="afterMethod()[pri:0, instance:runner.HotelPageRunner@1e16c0aa]" name="afterMethod" is-config="true" duration-ms="4753" started-at="2021-10-22T09:26:32Z" finished-at="2021-10-22T09:26:36Z">
          <reporter-output>
          </reporter-output>
        </test-method> <!-- afterMethod -->
        <test-method status="PASS" signature="beforeMethod()[pri:0, instance:runner.HotelPageRunner@1e16c0aa]" name="beforeMethod" is-config="true" duration-ms="5981" started-at="2021-10-22T09:26:36Z" finished-at="2021-10-22T09:26:42Z">
          <reporter-output>
          </reporter-output>
        </test-method> <!-- beforeMethod -->
        <test-method status="FAIL" signature="EnterInvalidMobNoTest()[pri:11, instance:runner.HotelPageRunner@1e16c0aa]" name="EnterInvalidMobNoTest" duration-ms="30640" started-at="2021-10-22T09:26:42Z" finished-at="2021-10-22T09:27:13Z">
          <exception class="java.lang.AssertionError">
            <message>
              <![CDATA[expected [true] but found [false]]]>
            </message>
            <full-stacktrace>
              <![CDATA[java.lang.AssertionError: expected [true] but found [false]
at org.testng.Assert.fail(Assert.java:96)
at org.testng.Assert.failNotEquals(Assert.java:776)
at org.testng.Assert.assertTrue(Assert.java:44)
at org.testng.Assert.assertTrue(Assert.java:54)
at runner.HotelPageRunner.EnterInvalidMobNoTest(HotelPageRunner.java:187)
at sun.reflect.NativeMethodAccessorImpl.invoke0(Native Method)
at sun.reflect.NativeMethodAccessorImpl.invoke(NativeMethodAccessorImpl.java:62)
at sun.reflect.DelegatingMethodAccessorImpl.invoke(DelegatingMethodAccessorImpl.java:43)
at java.lang.reflect.Method.invoke(Method.java:498)
at org.testng.internal.MethodInvocationHelper.invokeMethod(MethodInvocationHelper.java:124)
at org.testng.internal.Invoker.invokeMethod(Invoker.java:583)
at org.testng.internal.Invoker.invokeTestMethod(Invoker.java:719)
at org.testng.internal.Invoker.invokeTestMethods(Invoker.java:989)
at org.testng.internal.TestMethodWorker.invokeTestMethods(TestMethodWorker.java:125)
at org.testng.internal.TestMethodWorker.run(TestMethodWorker.java:109)
at org.testng.TestRunner.privateRun(TestRunner.java:648)
at org.testng.TestRunner.run(TestRunner.java:505)
at org.testng.SuiteRunner.runTest(SuiteRunner.java:455)
at org.testng.SuiteRunner.runSequentially(SuiteRunner.java:450)
at org.testng.SuiteRunner.privateRun(SuiteRunner.java:415)
at org.testng.SuiteRunner.run(SuiteRunner.java:364)
at org.testng.SuiteRunnerWorker.runSuite(SuiteRunnerWorker.java:52)
at org.testng.SuiteRunnerWorker.run(SuiteRunnerWorker.java:84)
at org.testng.TestNG.runSuitesSequentially(TestNG.java:1208)
at org.testng.TestNG.runSuitesLocally(TestNG.java:1137)
at org.testng.TestNG.runSuites(TestNG.java:1049)
at org.testng.TestNG.run(TestNG.java:1017)
at org.testng.remote.AbstractRemoteTestNG.run(AbstractRemoteTestNG.java:115)
at org.testng.remote.RemoteTestNG.initAndRun(RemoteTestNG.java:251)
at org.testng.remote.RemoteTestNG.main(RemoteTestNG.java:77)
]]>
            </full-stacktrace>
          </exception> <!-- java.lang.AssertionError -->
          <reporter-output>
          </reporter-output>
        </test-method> <!-- EnterInvalidMobNoTest -->
        <test-method status="PASS" signature="afterMethod()[pri:0, instance:runner.HotelPageRunner@1e16c0aa]" name="afterMethod" is-config="true" duration-ms="4764" started-at="2021-10-22T09:27:13Z" finished-at="2021-10-22T09:27:18Z">
          <reporter-output>
          </reporter-output>
        </test-method> <!-- afterMethod -->
        <test-method status="PASS" signature="beforeMethod()[pri:0, instance:runner.HotelPageRunner@1e16c0aa]" name="beforeMethod" is-config="true" duration-ms="5968" started-at="2021-10-22T09:27:18Z" finished-at="2021-10-22T09:27:24Z">
          <reporter-output>
          </reporter-output>
        </test-method> <!-- beforeMethod -->
        <test-method status="PASS" signature="NoGuestDetailsTest()[pri:12, instance:runner.HotelPageRunner@1e16c0aa]" name="NoGuestDetailsTest" duration-ms="27115" started-at="2021-10-22T09:27:24Z" finished-at="2021-10-22T09:27:51Z">
          <reporter-output>
          </reporter-output>
        </test-method> <!-- NoGuestDetailsTest -->
        <test-method status="PASS" signature="afterMethod()[pri:0, instance:runner.HotelPageRunner@1e16c0aa]" name="afterMethod" is-config="true" duration-ms="4788" started-at="2021-10-22T09:27:51Z" finished-at="2021-10-22T09:27:56Z">
          <reporter-output>
          </reporter-output>
        </test-method> <!-- afterMethod -->
        <test-method status="PASS" signature="beforeMethod()[pri:0, instance:runner.HotelPageRunner@1e16c0aa]" name="beforeMethod" is-config="true" duration-ms="5954" started-at="2021-10-22T09:27:56Z" finished-at="2021-10-22T09:28:02Z">
          <reporter-output>
          </reporter-output>
        </test-method> <!-- beforeMethod -->
        <test-method status="PASS" signature="uncheckTnCTest()[pri:13, instance:runner.HotelPageRunner@1e16c0aa]" name="uncheckTnCTest" duration-ms="27374" started-at="2021-10-22T09:28:02Z" finished-at="2021-10-22T09:28:29Z">
          <reporter-output>
          </reporter-output>
        </test-method> <!-- uncheckTnCTest -->
        <test-method status="PASS" signature="afterMethod()[pri:0, instance:runner.HotelPageRunner@1e16c0aa]" name="afterMethod" is-config="true" duration-ms="4745" started-at="2021-10-22T09:28:29Z" finished-at="2021-10-22T09:28:34Z">
          <reporter-output>
          </reporter-output>
        </test-method> <!-- afterMethod -->
      </class> <!-- runner.HotelPageRunner -->
    </test> <!-- Default test -->
  </suite> <!-- Default suite -->
</testng-results>
